<?xml version="1.0" encoding="UTF-8"?>
<testsuites>
	<testsuite tests="6" failures="6" time="1.000" name="failing-tests">
		<properties>
			<property name="go.version" value="go1.6"></property>
		</properties>
		<testcase classname="failing-tests" name="it_should_execute_command" time="1.000">
			<failure message="Failed" type="">+ it_should_execute_command&#xA;+ assert &#39;ls /xxxtmp&#39;&#xA;+ result=&#39;ls /xxxtmp&#39;&#xA;+ expected=&#xA;+ description=&#xA;+ &#39;[&#39; -z &#39;&#39; &#39;]&#39;&#xA;+ ls /xxxtmp&#xA;ls: /xxxtmp: No such file or directory&#xA;+ result=1&#xA;+ expected=0&#xA;+ description=&#39;expecting command &#39;\&#39;&#39;ls /xxxtmp&#39;\&#39;&#39; to succeed&#39;&#xA;+ &#39;[&#39; 1 &#39;!=&#39; 0 &#39;]&#39;&#xA;+ &#39;[&#39; -n &#39;expecting command &#39;\&#39;&#39;ls /xxxtmp&#39;\&#39;&#39; to succeed&#39; &#39;]&#39;&#xA;+ echo -e &#39;\033[1;38;40mexpecting command &#39;\&#39;&#39;ls /xxxtmp&#39;\&#39;&#39; to succeed\033[m&#39;&#xA;�[1;38;40mexpecting command &#39;ls /xxxtmp&#39; to succeed�[m&#xA;+ echo -e &#39;error: in test it_should_execute_command \033[1;38;40mexpected &#39;\&#39;&#39;1&#39;\&#39;&#39; to be &#39;\&#39;&#39;0&#39;\&#39;&#39;\033[m&#39;&#xA;error: in test it_should_execute_command �[1;38;40mexpected &#39;1&#39; to be &#39;0&#39;�[m&#xA;+ exit 1&#xA;error code: 1</failure>
		</testcase>
		<testcase classname="failing-tests" name="it_should_match_exit_code" time="0.000">
			<failure message="Failed" type="">+ it_should_match_exit_code&#xA;+ false&#xA;+ assert 0 0&#xA;+ result=0&#xA;+ expected=0&#xA;+ description=&#xA;+ &#39;[&#39; -z 0 &#39;]&#39;&#xA;+ &#39;[&#39; 0 &#39;!=&#39; 0 &#39;]&#39;&#xA;+ set +x&#xA;######################################## PASSED TEST: 0 == 0 &#xA;+ assert 0 0 &#39;0 should be 0&#39;&#xA;+ result=0&#xA;+ expected=0&#xA;+ description=&#39;0 should be 0&#39;&#xA;+ &#39;[&#39; -z 0 &#39;]&#39;&#xA;+ &#39;[&#39; 0 &#39;!=&#39; 0 &#39;]&#39;&#xA;+ set +x&#xA;######################################## PASSED TEST: 0 should be 0 &#xA;+ assert 0 2&#xA;+ result=0&#xA;+ expected=2&#xA;+ description=&#xA;+ &#39;[&#39; -z 2 &#39;]&#39;&#xA;+ &#39;[&#39; 0 &#39;!=&#39; 2 &#39;]&#39;&#xA;+ &#39;[&#39; -n &#39;&#39; &#39;]&#39;&#xA;+ echo -e &#39;error: in test it_should_match_exit_code \033[1;38;40mexpected &#39;\&#39;&#39;0&#39;\&#39;&#39; to be &#39;\&#39;&#39;2&#39;\&#39;&#39;\033[m&#39;&#xA;error: in test it_should_match_exit_code �[1;38;40mexpected &#39;0&#39; to be &#39;2&#39;�[m&#xA;+ exit 1&#xA;error code: 1</failure>
		</testcase>
		<testcase classname="failing-tests" name="it_should_match_regexp" time="0.000">
			<failure message="Failed" type="">+ it_should_match_regexp&#xA;+ assert~ aaa:88X09 &#39;aaa:[0-9]{5}&#39;&#xA;+ echo aaa:88X09&#xA;+ grep -E -m1 -o &#39;aaa:[0-9]{5}&#39;&#xA;+ head -n1&#xA;+ grep -E &#39;aaa:[0-9]{5}&#39;&#xA;+ assert 0 1 &#39;checking &#39;\&#39;&#39;aaa:88X09&#39;\&#39;&#39; to match &#39;\&#39;&#39;aaa:[0-9]{5}&#39;\&#39;&#39;&#39;&#xA;+ result=0&#xA;+ expected=1&#xA;+ description=&#39;checking &#39;\&#39;&#39;aaa:88X09&#39;\&#39;&#39; to match &#39;\&#39;&#39;aaa:[0-9]{5}&#39;\&#39;&#39;&#39;&#xA;+ &#39;[&#39; -z 1 &#39;]&#39;&#xA;+ &#39;[&#39; 0 &#39;!=&#39; 1 &#39;]&#39;&#xA;+ &#39;[&#39; -n &#39;checking &#39;\&#39;&#39;aaa:88X09&#39;\&#39;&#39; to match &#39;\&#39;&#39;aaa:[0-9]{5}&#39;\&#39;&#39;&#39; &#39;]&#39;&#xA;+ echo -e &#39;\033[1;38;40mchecking &#39;\&#39;&#39;aaa:88X09&#39;\&#39;&#39; to match &#39;\&#39;&#39;aaa:[0-9]{5}&#39;\&#39;&#39;\033[m&#39;&#xA;�[1;38;40mchecking &#39;aaa:88X09&#39; to match &#39;aaa:[0-9]{5}&#39;�[m&#xA;+ echo -e &#39;error: in test it_should_match_regexp \033[1;38;40mexpected &#39;\&#39;&#39;0&#39;\&#39;&#39; to be &#39;\&#39;&#39;1&#39;\&#39;&#39;\033[m&#39;&#xA;error: in test it_should_match_regexp �[1;38;40mexpected &#39;0&#39; to be &#39;1&#39;�[m&#xA;+ exit 1&#xA;error code: 1</failure>
		</testcase>
		<testcase classname="failing-tests" name="it_should_match_string" time="0.000">
			<failure message="Failed" type="">+ it_should_match_string&#xA;++ echo hallo&#xA;++ tr l x&#xA;+ assert haxxo haggo&#xA;+ result=haxxo&#xA;+ expected=haggo&#xA;+ description=&#xA;+ &#39;[&#39; -z haggo &#39;]&#39;&#xA;+ &#39;[&#39; haxxo &#39;!=&#39; haggo &#39;]&#39;&#xA;+ &#39;[&#39; -n &#39;&#39; &#39;]&#39;&#xA;+ echo -e &#39;error: in test it_should_match_string \033[1;38;40mexpected &#39;\&#39;&#39;haxxo&#39;\&#39;&#39; to be &#39;\&#39;&#39;haggo&#39;\&#39;&#39;\033[m&#39;&#xA;error: in test it_should_match_string �[1;38;40mexpected &#39;haxxo&#39; to be &#39;haggo&#39;�[m&#xA;+ exit 1&#xA;error code: 1</failure>
		</testcase>
		<testcase classname="failing-tests" name="it_should_match_string_with_description" time="0.000">
			<failure message="Failed" type="">+ it_should_match_string_with_description&#xA;++ echo hallo&#xA;++ tr l x&#xA;+ assert haxxo haggo &#39;transforming string should work&#39;&#xA;+ result=haxxo&#xA;+ expected=haggo&#xA;+ description=&#39;transforming string should work&#39;&#xA;+ &#39;[&#39; -z haggo &#39;]&#39;&#xA;+ &#39;[&#39; haxxo &#39;!=&#39; haggo &#39;]&#39;&#xA;+ &#39;[&#39; -n &#39;transforming string should work&#39; &#39;]&#39;&#xA;+ echo -e &#39;\033[1;38;40mtransforming string should work\033[m&#39;&#xA;�[1;38;40mtransforming string should work�[m&#xA;+ echo -e &#39;error: in test it_should_match_string_with_description \033[1;38;40mexpected &#39;\&#39;&#39;haxxo&#39;\&#39;&#39; to be &#39;\&#39;&#39;haggo&#39;\&#39;&#39;\033[m&#39;&#xA;error: in test it_should_match_string_with_description �[1;38;40mexpected &#39;haxxo&#39; to be &#39;haggo&#39;�[m&#xA;+ exit 1&#xA;error code: 1</failure>
		</testcase>
		<testcase classname="failing-tests" name="it_should_reflect_exit_code" time="0.000">
			<failure message="Failed" type="">+ it_should_reflect_exit_code&#xA;+ return 3&#xA;error code: 3</failure>
		</testcase>
	</testsuite>
</testsuites>
